Build started 18/01/2015 18:26:09.
     1>Project "C:\Users\Kyle\documents\visual studio 2013\Projects\VoxelTask\VoxelTask\VoxelTask.vcxproj" on node 2 (Build target(s)).
     1>ClCompile:
         C:\Program Files (x86)\Microsoft Visual Studio 12.0\VC\bin\CL.exe /c /I"C:\Users\Kyle\Documents\Visual Studio 2013\Projects\VoxelTask\glm\gtx" /I"C:\Users\Kyle\Documents\Visual Studio 2013\Projects\VoxelTask\glm\gtc" /I"C:\Users\Kyle\Documents\Visual Studio 2013\Projects\VoxelTask\glm" /I"C:\Users\Kyle\Documents\Visual Studio 2013\Projects\VoxelTask\glew-1.11.0\include\GL" /I"C:\Users\Kyle\Documents\Visual Studio 2013\Projects\VoxelTask\SDL2-2.0.3\include" /ZI /nologo /W4 /WX- /sdl /Od /Oy- /D WIN32 /D _DEBUG /D _CONSOLE /D _LIB /D _UNICODE /D UNICODE /Gm /EHsc /RTC1 /MDd /GS /fp:precise /Zc:wchar_t /Zc:forScope /Fo"Debug\\" /Fd"Debug\vc120.pdb" /Gd /TP /analyze- /errorReport:prompt Cube.cpp loadShaders.cpp
         loadShaders.cpp
         Cube.cpp
     1>c:\users\kyle\documents\visual studio 2013\projects\voxeltask\glm\detail\type_vec2.hpp(64): warning C4201: nonstandard extension used : nameless struct/union
                 c:\users\kyle\documents\visual studio 2013\projects\voxeltask\glm\detail\type_vec2.hpp(239) : see reference to class template instantiation 'glm::tvec2<T,P>' being compiled
     1>c:\users\kyle\documents\visual studio 2013\projects\voxeltask\glm\detail\type_vec2.hpp(65): warning C4201: nonstandard extension used : nameless struct/union
     1>c:\users\kyle\documents\visual studio 2013\projects\voxeltask\glm\detail\type_vec2.hpp(66): warning C4201: nonstandard extension used : nameless struct/union
     1>c:\users\kyle\documents\visual studio 2013\projects\voxeltask\glm\detail\type_vec3.hpp(64): warning C4201: nonstandard extension used : nameless struct/union
                 c:\users\kyle\documents\visual studio 2013\projects\voxeltask\glm\detail\type_vec3.hpp(261) : see reference to class template instantiation 'glm::tvec3<T,P>' being compiled
     1>c:\users\kyle\documents\visual studio 2013\projects\voxeltask\glm\detail\type_vec3.hpp(65): warning C4201: nonstandard extension used : nameless struct/union
     1>c:\users\kyle\documents\visual studio 2013\projects\voxeltask\glm\detail\type_vec3.hpp(66): warning C4201: nonstandard extension used : nameless struct/union
     1>c:\users\kyle\documents\visual studio 2013\projects\voxeltask\glm\detail\type_vec4.hpp(119): warning C4201: nonstandard extension used : nameless struct/union
                 c:\users\kyle\documents\visual studio 2013\projects\voxeltask\glm\detail\type_vec4.hpp(360) : see reference to class template instantiation 'glm::tvec4<T,P>' being compiled
     1>c:\users\kyle\documents\visual studio 2013\projects\voxeltask\glm\detail\type_vec4.hpp(120): warning C4201: nonstandard extension used : nameless struct/union
     1>c:\users\kyle\documents\visual studio 2013\projects\voxeltask\glm\detail\type_vec4.hpp(121): warning C4201: nonstandard extension used : nameless struct/union
         Generating Code...
       Link:
         C:\Program Files (x86)\Microsoft Visual Studio 12.0\VC\bin\link.exe /ERRORREPORT:PROMPT /OUT:"C:\Users\Kyle\documents\visual studio 2013\Projects\VoxelTask\Debug\VoxelTask.exe" /INCREMENTAL /NOLOGO /LIBPATH:"C:\Users\Kyle\Documents\Visual Studio 2013\Projects\VoxelTask\glew-1.11.0\lib\Release MX\Win32" /LIBPATH:"C:\Users\Kyle\Documents\Visual Studio 2013\Projects\VoxelTask\glew-1.11.0\lib\Release\Win32" /LIBPATH:"C:\Users\Kyle\Documents\Visual Studio 2013\Projects\VoxelTask\SDL2-2.0.3\lib\x86" SDL2.lib SDL2main.lib glut32.lib glew32.lib glew32s.lib glew32mx.lib glew32mxs.lib opengl32.lib kernel32.lib user32.lib gdi32.lib winspool.lib comdlg32.lib advapi32.lib shell32.lib ole32.lib oleaut32.lib uuid.lib odbc32.lib odbccp32.lib /MANIFEST /MANIFESTUAC:"level='asInvoker' uiAccess='false'" /manifest:embed /DEBUG /PDB:"C:\Users\Kyle\documents\visual studio 2013\Projects\VoxelTask\Debug\VoxelTask.pdb" /SUBSYSTEM:CONSOLE /TLBID:1 /DYNAMICBASE /NXCOMPAT /IMPLIB:"C:\Users\Kyle\documents\visual studio 2013\Projects\VoxelTask\Debug\VoxelTask.lib" /MACHINE:X86 Debug\controls.obj
         Debug\Cube.obj
         Debug\loadShaders.obj
         Debug\stdafx.obj
         Debug\VoxelTask.obj
         VoxelTask.vcxproj -> C:\Users\Kyle\documents\visual studio 2013\Projects\VoxelTask\Debug\VoxelTask.exe
     1>Done Building Project "C:\Users\Kyle\documents\visual studio 2013\Projects\VoxelTask\VoxelTask\VoxelTask.vcxproj" (Build target(s)).

Build succeeded.

Time Elapsed 00:00:04.29
